<?xml version="1.0" encoding="UTF-8"?>
<testsuite xmlns:xsi="http://www.w3.org/2001/XMLSchema-instance" xsi:noNamespaceSchemaLocation="https://maven.apache.org/surefire/maven-surefire-plugin/xsd/surefire-test-report-3.0.xsd" version="3.0" name="com.NewsMobile.NewsMobileApplicationTests" time="2.734" tests="1" errors="1" skipped="0" failures="0">
  <properties>
[...]
</properties>
  <testcase name="contextLoads" classname="com.NewsMobile.NewsMobileApplicationTests" time="0.01">
    <error message="Failed to load ApplicationContext for [WebMergedContextConfiguration@3dfc59c5 testClass = com.NewsMobile.NewsMobileApplicationTests, locations = [], classes = [com.NewsMobile.NewsMobileApplication], contextInitializerClasses = [], activeProfiles = [], propertySourceLocations = [], propertySourceProperties = [&quot;org.springframework.boot.test.context.SpringBootTestContextBootstrapper=true&quot;], contextCustomizers = [org.springframework.boot.test.context.filter.ExcludeFilterContextCustomizer@45cff11c, org.springframework.boot.test.json.DuplicateJsonObjectContextCustomizerFactory$DuplicateJsonObjectContextCustomizer@654d8173, org.springframework.boot.test.mock.mockito.MockitoContextCustomizer@0, org.springframework.boot.test.web.client.TestRestTemplateContextCustomizer@3a62c01e, org.springframework.boot.test.autoconfigure.actuate.observability.ObservabilityContextCustomizerFactory$DisableObservabilityContextCustomizer@1f, org.springframework.boot.test.autoconfigure.properties.PropertyMappingContextCustomizer@0, org.springframework.boot.test.autoconfigure.web.servlet.WebDriverContextCustomizerFactory$Customizer@26a4842b, org.springframework.boot.test.context.SpringBootTestAnnotation@a4f88381], resourceBasePath = &quot;src/main/webapp&quot;, contextLoader = org.springframework.boot.test.context.SpringBootContextLoader, parent = null]" type="java.lang.IllegalStateException"><![CDATA[java.lang.IllegalStateException: Failed to load ApplicationContext for [WebMergedContextConfiguration@3dfc59c5 testClass = com.NewsMobile.NewsMobileApplicationTests, locations = [], classes = [com.NewsMobile.NewsMobileApplication], contextInitializerClasses = [], activeProfiles = [], propertySourceLocations = [], propertySourceProperties = ["org.springframework.boot.test.context.SpringBootTestContextBootstrapper=true"], contextCustomizers = [org.springframework.boot.test.context.filter.ExcludeFilterContextCustomizer@45cff11c, org.springframework.boot.test.json.DuplicateJsonObjectContextCustomizerFactory$DuplicateJsonObjectContextCustomizer@654d8173, org.springframework.boot.test.mock.mockito.MockitoContextCustomizer@0, org.springframework.boot.test.web.client.TestRestTemplateContextCustomizer@3a62c01e, org.springframework.boot.test.autoconfigure.actuate.observability.ObservabilityContextCustomizerFactory$DisableObservabilityContextCustomizer@1f, org.springframework.boot.test.autoconfigure.properties.PropertyMappingContextCustomizer@0, org.springframework.boot.test.autoconfigure.web.servlet.WebDriverContextCustomizerFactory$Customizer@26a4842b, org.springframework.boot.test.context.SpringBootTestAnnotation@a4f88381], resourceBasePath = "src/main/webapp", contextLoader = org.springframework.boot.test.context.SpringBootContextLoader, parent = null]
	at org.springframework.test.context.cache.DefaultCacheAwareContextLoaderDelegate.loadContext(DefaultCacheAwareContextLoaderDelegate.java:143)
	at org.springframework.test.context.support.DefaultTestContext.getApplicationContext(DefaultTestContext.java:127)
	at org.springframework.test.context.web.ServletTestExecutionListener.setUpRequestContextIfNecessary(ServletTestExecutionListener.java:191)
	at org.springframework.test.context.web.ServletTestExecutionListener.prepareTestInstance(ServletTestExecutionListener.java:130)
	at org.springframework.test.context.TestContextManager.prepareTestInstance(TestContextManager.java:241)
	at org.springframework.test.context.junit.jupiter.SpringExtension.postProcessTestInstance(SpringExtension.java:138)
	at org.junit.jupiter.engine.descriptor.ClassBasedTestDescriptor.lambda$invokeTestInstancePostProcessors$10(ClassBasedTestDescriptor.java:377)
	at org.junit.jupiter.engine.descriptor.ClassBasedTestDescriptor.executeAndMaskThrowable(ClassBasedTestDescriptor.java:382)
	at org.junit.jupiter.engine.descriptor.ClassBasedTestDescriptor.lambda$invokeTestInstancePostProcessors$11(ClassBasedTestDescriptor.java:377)
	at java.base/java.util.stream.ReferencePipeline$3$1.accept(ReferencePipeline.java:197)
	at java.base/java.util.stream.ReferencePipeline$2$1.accept(ReferencePipeline.java:179)
	at java.base/java.util.ArrayList$ArrayListSpliterator.forEachRemaining(ArrayList.java:1625)
	at java.base/java.util.stream.AbstractPipeline.copyInto(AbstractPipeline.java:509)
	at java.base/java.util.stream.AbstractPipeline.wrapAndCopyInto(AbstractPipeline.java:499)
	at java.base/java.util.stream.StreamSpliterators$WrappingSpliterator.forEachRemaining(StreamSpliterators.java:310)
	at java.base/java.util.stream.Streams$ConcatSpliterator.forEachRemaining(Streams.java:735)
	at java.base/java.util.stream.Streams$ConcatSpliterator.forEachRemaining(Streams.java:734)
	at java.base/java.util.stream.ReferencePipeline$Head.forEach(ReferencePipeline.java:762)
	at org.junit.jupiter.engine.descriptor.ClassBasedTestDescriptor.invokeTestInstancePostProcessors(ClassBasedTestDescriptor.java:376)
	at org.junit.jupiter.engine.descriptor.ClassBasedTestDescriptor.lambda$instantiateAndPostProcessTestInstance$6(ClassBasedTestDescriptor.java:289)
	at org.junit.platform.engine.support.hierarchical.ThrowableCollector.execute(ThrowableCollector.java:73)
	at org.junit.jupiter.engine.descriptor.ClassBasedTestDescriptor.instantiateAndPostProcessTestInstance(ClassBasedTestDescriptor.java:288)
	at org.junit.jupiter.engine.descriptor.ClassBasedTestDescriptor.lambda$testInstancesProvider$4(ClassBasedTestDescriptor.java:278)
	at java.base/java.util.Optional.orElseGet(Optional.java:364)
	at org.junit.jupiter.engine.descriptor.ClassBasedTestDescriptor.lambda$testInstancesProvider$5(ClassBasedTestDescriptor.java:277)
	at org.junit.jupiter.engine.execution.TestInstancesProvider.getTestInstances(TestInstancesProvider.java:31)
	at org.junit.jupiter.engine.descriptor.TestMethodTestDescriptor.lambda$prepare$0(TestMethodTestDescriptor.java:105)
	at org.junit.platform.engine.support.hierarchical.ThrowableCollector.execute(ThrowableCollector.java:73)
	at org.junit.jupiter.engine.descriptor.TestMethodTestDescriptor.prepare(TestMethodTestDescriptor.java:104)
	at org.junit.jupiter.engine.descriptor.TestMethodTestDescriptor.prepare(TestMethodTestDescriptor.java:68)
	at org.junit.platform.engine.support.hierarchical.NodeTestTask.lambda$prepare$2(NodeTestTask.java:123)
	at org.junit.platform.engine.support.hierarchical.ThrowableCollector.execute(ThrowableCollector.java:73)
	at org.junit.platform.engine.support.hierarchical.NodeTestTask.prepare(NodeTestTask.java:123)
	at org.junit.platform.engine.support.hierarchical.NodeTestTask.execute(NodeTestTask.java:90)
	at java.base/java.util.ArrayList.forEach(ArrayList.java:1511)
	at org.junit.platform.engine.support.hierarchical.SameThreadHierarchicalTestExecutorService.invokeAll(SameThreadHierarchicalTestExecutorService.java:41)
	at org.junit.platform.engine.support.hierarchical.NodeTestTask.lambda$executeRecursively$6(NodeTestTask.java:155)
	at org.junit.platform.engine.support.hierarchical.ThrowableCollector.execute(ThrowableCollector.java:73)
	at org.junit.platform.engine.support.hierarchical.NodeTestTask.lambda$executeRecursively$8(NodeTestTask.java:141)
	at org.junit.platform.engine.support.hierarchical.Node.around(Node.java:137)
	at org.junit.platform.engine.support.hierarchical.NodeTestTask.lambda$executeRecursively$9(NodeTestTask.java:139)
	at org.junit.platform.engine.support.hierarchical.ThrowableCollector.execute(ThrowableCollector.java:73)
	at org.junit.platform.engine.support.hierarchical.NodeTestTask.executeRecursively(NodeTestTask.java:138)
	at org.junit.platform.engine.support.hierarchical.NodeTestTask.execute(NodeTestTask.java:95)
	at java.base/java.util.ArrayList.forEach(ArrayList.java:1511)
	at org.junit.platform.engine.support.hierarchical.SameThreadHierarchicalTestExecutorService.invokeAll(SameThreadHierarchicalTestExecutorService.java:41)
	at org.junit.platform.engine.support.hierarchical.NodeTestTask.lambda$executeRecursively$6(NodeTestTask.java:155)
	at org.junit.platform.engine.support.hierarchical.ThrowableCollector.execute(ThrowableCollector.java:73)
	at org.junit.platform.engine.support.hierarchical.NodeTestTask.lambda$executeRecursively$8(NodeTestTask.java:141)
	at org.junit.platform.engine.support.hierarchical.Node.around(Node.java:137)
	at org.junit.platform.engine.support.hierarchical.NodeTestTask.lambda$executeRecursively$9(NodeTestTask.java:139)
	at org.junit.platform.engine.support.hierarchical.ThrowableCollector.execute(ThrowableCollector.java:73)
	at org.junit.platform.engine.support.hierarchical.NodeTestTask.executeRecursively(NodeTestTask.java:138)
	at org.junit.platform.engine.support.hierarchical.NodeTestTask.execute(NodeTestTask.java:95)
	at org.junit.platform.engine.support.hierarchical.SameThreadHierarchicalTestExecutorService.submit(SameThreadHierarchicalTestExecutorService.java:35)
	at org.junit.platform.engine.support.hierarchical.HierarchicalTestExecutor.execute(HierarchicalTestExecutor.java:57)
	at org.junit.platform.engine.support.hierarchical.HierarchicalTestEngine.execute(HierarchicalTestEngine.java:54)
	at org.junit.platform.launcher.core.EngineExecutionOrchestrator.execute(EngineExecutionOrchestrator.java:147)
	at org.junit.platform.launcher.core.EngineExecutionOrchestrator.execute(EngineExecutionOrchestrator.java:127)
	at org.junit.platform.launcher.core.EngineExecutionOrchestrator.execute(EngineExecutionOrchestrator.java:90)
	at org.junit.platform.launcher.core.EngineExecutionOrchestrator.lambda$execute$0(EngineExecutionOrchestrator.java:55)
	at org.junit.platform.launcher.core.EngineExecutionOrchestrator.withInterceptedStreams(EngineExecutionOrchestrator.java:102)
	at org.junit.platform.launcher.core.EngineExecutionOrchestrator.execute(EngineExecutionOrchestrator.java:54)
	at org.junit.platform.launcher.core.DefaultLauncher.execute(DefaultLauncher.java:114)
	at org.junit.platform.launcher.core.DefaultLauncher.execute(DefaultLauncher.java:86)
	at org.junit.platform.launcher.core.DefaultLauncherSession$DelegatingLauncher.execute(DefaultLauncherSession.java:86)
	at org.apache.maven.surefire.junitplatform.LazyLauncher.execute(LazyLauncher.java:50)
	at org.apache.maven.surefire.junitplatform.JUnitPlatformProvider.execute(JUnitPlatformProvider.java:184)
	at org.apache.maven.surefire.junitplatform.JUnitPlatformProvider.invokeAllTests(JUnitPlatformProvider.java:148)
	at org.apache.maven.surefire.junitplatform.JUnitPlatformProvider.invoke(JUnitPlatformProvider.java:122)
	at org.apache.maven.surefire.booter.ForkedBooter.runSuitesInProcess(ForkedBooter.java:385)
	at org.apache.maven.surefire.booter.ForkedBooter.execute(ForkedBooter.java:162)
	at org.apache.maven.surefire.booter.ForkedBooter.run(ForkedBooter.java:507)
	at org.apache.maven.surefire.booter.ForkedBooter.main(ForkedBooter.java:495)
Caused by: org.springframework.beans.factory.BeanCreationException: Error creating bean with name 'entityManagerFactory' defined in class path resource [org/springframework/boot/autoconfigure/orm/jpa/HibernateJpaConfiguration.class]: Entity 'com.NewsMobile.Dto.ShortDto' has no identifier (every '@Entity' class must declare or inherit at least one '@Id' or '@EmbeddedId' property)
	at org.springframework.beans.factory.support.AbstractAutowireCapableBeanFactory.initializeBean(AbstractAutowireCapableBeanFactory.java:1770)
	at org.springframework.beans.factory.support.AbstractAutowireCapableBeanFactory.doCreateBean(AbstractAutowireCapableBeanFactory.java:598)
	at org.springframework.beans.factory.support.AbstractAutowireCapableBeanFactory.createBean(AbstractAutowireCapableBeanFactory.java:520)
	at org.springframework.beans.factory.support.AbstractBeanFactory.lambda$doGetBean$0(AbstractBeanFactory.java:326)
	at org.springframework.beans.factory.support.DefaultSingletonBeanRegistry.getSingleton(DefaultSingletonBeanRegistry.java:234)
	at org.springframework.beans.factory.support.AbstractBeanFactory.doGetBean(AbstractBeanFactory.java:324)
	at org.springframework.beans.factory.support.AbstractBeanFactory.getBean(AbstractBeanFactory.java:200)
	at org.springframework.context.support.AbstractApplicationContext.getBean(AbstractApplicationContext.java:1154)
	at org.springframework.context.support.AbstractApplicationContext.finishBeanFactoryInitialization(AbstractApplicationContext.java:931)
	at org.springframework.context.support.AbstractApplicationContext.refresh(AbstractApplicationContext.java:608)
	at org.springframework.boot.SpringApplication.refresh(SpringApplication.java:734)
	at org.springframework.boot.SpringApplication.refreshContext(SpringApplication.java:436)
	at org.springframework.boot.SpringApplication.run(SpringApplication.java:312)
	at org.springframework.boot.test.context.SpringBootContextLoader.lambda$loadContext$3(SpringBootContextLoader.java:137)
	at org.springframework.util.function.ThrowingSupplier.get(ThrowingSupplier.java:58)
	at org.springframework.util.function.ThrowingSupplier.get(ThrowingSupplier.java:46)
	at org.springframework.boot.SpringApplication.withHook(SpringApplication.java:1406)
	at org.springframework.boot.test.context.SpringBootContextLoader$ContextLoaderHook.run(SpringBootContextLoader.java:545)
	at org.springframework.boot.test.context.SpringBootContextLoader.loadContext(SpringBootContextLoader.java:137)
	at org.springframework.boot.test.context.SpringBootContextLoader.loadContext(SpringBootContextLoader.java:108)
	at org.springframework.test.context.cache.DefaultCacheAwareContextLoaderDelegate.loadContextInternal(DefaultCacheAwareContextLoaderDelegate.java:187)
	at org.springframework.test.context.cache.DefaultCacheAwareContextLoaderDelegate.loadContext(DefaultCacheAwareContextLoaderDelegate.java:119)
	... 73 more
Caused by: org.hibernate.AnnotationException: Entity 'com.NewsMobile.Dto.ShortDto' has no identifier (every '@Entity' class must declare or inherit at least one '@Id' or '@EmbeddedId' property)
	at org.hibernate.boot.model.internal.InheritanceState.determineDefaultAccessType(InheritanceState.java:279)
	at org.hibernate.boot.model.internal.InheritanceState.getElementsToProcess(InheritanceState.java:215)
	at org.hibernate.boot.model.internal.InheritanceState.postProcess(InheritanceState.java:160)
	at org.hibernate.boot.model.internal.EntityBinder.handleIdentifier(EntityBinder.java:293)
	at org.hibernate.boot.model.internal.EntityBinder.bindEntityClass(EntityBinder.java:228)
	at org.hibernate.boot.model.internal.AnnotationBinder.bindClass(AnnotationBinder.java:417)
	at org.hibernate.boot.model.source.internal.annotations.AnnotationMetadataSourceProcessorImpl.processEntityHierarchies(AnnotationMetadataSourceProcessorImpl.java:255)
	at org.hibernate.boot.model.process.spi.MetadataBuildingProcess$1.processEntityHierarchies(MetadataBuildingProcess.java:275)
	at org.hibernate.boot.model.process.spi.MetadataBuildingProcess.complete(MetadataBuildingProcess.java:318)
	at org.hibernate.jpa.boot.internal.EntityManagerFactoryBuilderImpl.metadata(EntityManagerFactoryBuilderImpl.java:1380)
	at org.hibernate.jpa.boot.internal.EntityManagerFactoryBuilderImpl.build(EntityManagerFactoryBuilderImpl.java:1451)
	at org.springframework.orm.jpa.vendor.SpringHibernateJpaPersistenceProvider.createContainerEntityManagerFactory(SpringHibernateJpaPersistenceProvider.java:75)
	at org.springframework.orm.jpa.LocalContainerEntityManagerFactoryBean.createNativeEntityManagerFactory(LocalContainerEntityManagerFactoryBean.java:376)
	at org.springframework.orm.jpa.AbstractEntityManagerFactoryBean.buildNativeEntityManagerFactory(AbstractEntityManagerFactoryBean.java:409)
	at org.springframework.orm.jpa.AbstractEntityManagerFactoryBean.afterPropertiesSet(AbstractEntityManagerFactoryBean.java:396)
	at org.springframework.orm.jpa.LocalContainerEntityManagerFactoryBean.afterPropertiesSet(LocalContainerEntityManagerFactoryBean.java:352)
	at org.springframework.beans.factory.support.AbstractAutowireCapableBeanFactory.invokeInitMethods(AbstractAutowireCapableBeanFactory.java:1816)
	at org.springframework.beans.factory.support.AbstractAutowireCapableBeanFactory.initializeBean(AbstractAutowireCapableBeanFactory.java:1766)
	... 94 more
]]></error>
    <system-out><![CDATA[05:44:54,869 |-INFO in ch.qos.logback.classic.LoggerContext[default] - This is logback-classic version 1.4.8
05:44:54,889 |-INFO in ch.qos.logback.classic.LoggerContext[default] - Could NOT find resource [logback-test.xml]
05:44:54,892 |-INFO in ch.qos.logback.classic.LoggerContext[default] - Found resource [logback.xml] at [file:/D:/Sambit/Work/news/NewsMobile/target/classes/logback.xml]
05:44:54,990 |-WARN in ch.qos.logback.core.model.processor.AppenderModelHandler - Appender named [Console] not referenced. Skipping further processing.
05:44:54,990 |-INFO in ch.qos.logback.core.model.processor.AppenderModelHandler - Processing appender named [RollingFile]
05:44:54,990 |-INFO in ch.qos.logback.core.model.processor.AppenderModelHandler - About to instantiate appender of type [ch.qos.logback.core.rolling.RollingFileAppender]
05:44:54,998 |-INFO in ch.qos.logback.core.model.processor.ImplicitModelHandler - Assuming default type [ch.qos.logback.classic.encoder.PatternLayoutEncoder] for [encoder] property
05:44:55,031 |-INFO in c.q.l.core.rolling.SizeAndTimeBasedRollingPolicy@835773569 - setting totalSizeCap to 100 MB
05:44:55,033 |-INFO in c.q.l.core.rolling.SizeAndTimeBasedRollingPolicy@835773569 - Archive files will be limited to [10 MB] each.
05:44:55,034 |-INFO in c.q.l.core.rolling.SizeAndTimeBasedRollingPolicy@835773569 - No compression will be used
05:44:55,035 |-INFO in c.q.l.core.rolling.SizeAndTimeBasedRollingPolicy@835773569 - Will use the pattern C:/Newsproject/logs/MobileNews-%d{yyyy-MM-dd}.%i.log for the active file
05:44:55,038 |-INFO in ch.qos.logback.core.rolling.SizeAndTimeBasedFNATP@3243b914 - The date pattern is 'yyyy-MM-dd' from file name pattern 'C:/Newsproject/logs/MobileNews-%d{yyyy-MM-dd}.%i.log'.
05:44:55,038 |-INFO in ch.qos.logback.core.rolling.SizeAndTimeBasedFNATP@3243b914 - Roll-over at midnight.
05:44:55,039 |-INFO in ch.qos.logback.core.rolling.SizeAndTimeBasedFNATP@3243b914 - Setting initial period to 2023-07-26T07:26:50.980Z
05:44:55,041 |-INFO in c.q.l.core.rolling.SizeAndTimeBasedRollingPolicy@835773569 - Cleaning on start up
05:44:55,044 |-INFO in c.q.l.core.rolling.helper.TimeBasedArchiveRemover - first clean up after appender initialization
05:44:55,044 |-INFO in c.q.l.core.rolling.helper.TimeBasedArchiveRemover - Multiple periods, i.e. 32 periods, seem to have elapsed. This is expected at application start.
05:44:55,045 |-INFO in ch.qos.logback.core.rolling.RollingFileAppender[RollingFile] - Active log file name: C:\Newsproject\logs\MobileNews.log
05:44:55,045 |-INFO in ch.qos.logback.core.rolling.RollingFileAppender[RollingFile] - File property is set to [C:\Newsproject\logs\MobileNews.log]
05:44:55,047 |-INFO in ch.qos.logback.classic.model.processor.LoggerModelHandler - Setting level of logger [com.microsoft.sqlserver] to INFO
05:44:55,047 |-INFO in ch.qos.logback.classic.model.processor.LoggerModelHandler - Setting level of logger [org.apache.http] to INFO
05:44:55,047 |-INFO in ch.qos.logback.classic.model.processor.LoggerModelHandler - Setting level of logger [org.apache.hc] to INFO
05:44:55,047 |-INFO in ch.qos.logback.classic.model.processor.LoggerModelHandler - Setting level of logger [org.apache.tiles] to INFO
05:44:55,047 |-INFO in ch.qos.logback.classic.model.processor.LoggerModelHandler - Setting level of logger [org.apache.commons] to INFO
05:44:55,047 |-INFO in ch.qos.logback.classic.model.processor.LoggerModelHandler - Setting level of logger [org.springframework] to INFO
05:44:55,047 |-INFO in ch.qos.logback.classic.model.processor.LoggerModelHandler - Setting level of logger [org.springframework.web] to INFO
05:44:55,047 |-INFO in ch.qos.logback.classic.model.processor.LoggerModelHandler - Setting level of logger [org.springframework.security] to INFO
05:44:55,047 |-INFO in ch.qos.logback.classic.model.processor.LoggerModelHandler - Setting level of logger [org.springframework.boot] to INFO
05:44:55,048 |-INFO in ch.qos.logback.classic.model.processor.LoggerModelHandler - Setting level of logger [org.hibernate] to INFO
05:44:55,048 |-INFO in ch.qos.logback.classic.model.processor.LoggerModelHandler - Setting level of logger [org.hibernate.SQL] to DEBUG
05:44:55,048 |-INFO in ch.qos.logback.classic.model.processor.LoggerModelHandler - Setting level of logger [com.NewsMobile] to DEBUG
05:44:55,048 |-INFO in ch.qos.logback.core.model.processor.DefaultProcessor@241e8ea6 - End of configuration.
05:44:55,048 |-INFO in ch.qos.logback.classic.joran.JoranConfigurator@542e560f - Registering current configuration as safe fallback point

05:44:54,869 |-INFO in ch.qos.logback.classic.LoggerContext[default] - This is logback-classic version 1.4.8
05:44:54,889 |-INFO in ch.qos.logback.classic.LoggerContext[default] - Could NOT find resource [logback-test.xml]
05:44:54,892 |-INFO in ch.qos.logback.classic.LoggerContext[default] - Found resource [logback.xml] at [file:/D:/Sambit/Work/news/NewsMobile/target/classes/logback.xml]
05:44:54,990 |-WARN in ch.qos.logback.core.model.processor.AppenderModelHandler - Appender named [Console] not referenced. Skipping further processing.
05:44:54,990 |-INFO in ch.qos.logback.core.model.processor.AppenderModelHandler - Processing appender named [RollingFile]
05:44:54,990 |-INFO in ch.qos.logback.core.model.processor.AppenderModelHandler - About to instantiate appender of type [ch.qos.logback.core.rolling.RollingFileAppender]
05:44:54,998 |-INFO in ch.qos.logback.core.model.processor.ImplicitModelHandler - Assuming default type [ch.qos.logback.classic.encoder.PatternLayoutEncoder] for [encoder] property
05:44:55,031 |-INFO in c.q.l.core.rolling.SizeAndTimeBasedRollingPolicy@835773569 - setting totalSizeCap to 100 MB
05:44:55,033 |-INFO in c.q.l.core.rolling.SizeAndTimeBasedRollingPolicy@835773569 - Archive files will be limited to [10 MB] each.
05:44:55,034 |-INFO in c.q.l.core.rolling.SizeAndTimeBasedRollingPolicy@835773569 - No compression will be used
05:44:55,035 |-INFO in c.q.l.core.rolling.SizeAndTimeBasedRollingPolicy@835773569 - Will use the pattern C:/Newsproject/logs/MobileNews-%d{yyyy-MM-dd}.%i.log for the active file
05:44:55,038 |-INFO in ch.qos.logback.core.rolling.SizeAndTimeBasedFNATP@3243b914 - The date pattern is 'yyyy-MM-dd' from file name pattern 'C:/Newsproject/logs/MobileNews-%d{yyyy-MM-dd}.%i.log'.
05:44:55,038 |-INFO in ch.qos.logback.core.rolling.SizeAndTimeBasedFNATP@3243b914 - Roll-over at midnight.
05:44:55,039 |-INFO in ch.qos.logback.core.rolling.SizeAndTimeBasedFNATP@3243b914 - Setting initial period to 2023-07-26T07:26:50.980Z
05:44:55,041 |-INFO in c.q.l.core.rolling.SizeAndTimeBasedRollingPolicy@835773569 - Cleaning on start up
05:44:55,044 |-INFO in c.q.l.core.rolling.helper.TimeBasedArchiveRemover - first clean up after appender initialization
05:44:55,044 |-INFO in c.q.l.core.rolling.helper.TimeBasedArchiveRemover - Multiple periods, i.e. 32 periods, seem to have elapsed. This is expected at application start.
05:44:55,045 |-INFO in ch.qos.logback.core.rolling.RollingFileAppender[RollingFile] - Active log file name: C:\Newsproject\logs\MobileNews.log
05:44:55,045 |-INFO in ch.qos.logback.core.rolling.RollingFileAppender[RollingFile] - File property is set to [C:\Newsproject\logs\MobileNews.log]
05:44:55,047 |-INFO in ch.qos.logback.classic.model.processor.LoggerModelHandler - Setting level of logger [com.microsoft.sqlserver] to INFO
05:44:55,047 |-INFO in ch.qos.logback.classic.model.processor.LoggerModelHandler - Setting level of logger [org.apache.http] to INFO
05:44:55,047 |-INFO in ch.qos.logback.classic.model.processor.LoggerModelHandler - Setting level of logger [org.apache.hc] to INFO
05:44:55,047 |-INFO in ch.qos.logback.classic.model.processor.LoggerModelHandler - Setting level of logger [org.apache.tiles] to INFO
05:44:55,047 |-INFO in ch.qos.logback.classic.model.processor.LoggerModelHandler - Setting level of logger [org.apache.commons] to INFO
05:44:55,047 |-INFO in ch.qos.logback.classic.model.processor.LoggerModelHandler - Setting level of logger [org.springframework] to INFO
05:44:55,047 |-INFO in ch.qos.logback.classic.model.processor.LoggerModelHandler - Setting level of logger [org.springframework.web] to INFO
05:44:55,047 |-INFO in ch.qos.logback.classic.model.processor.LoggerModelHandler - Setting level of logger [org.springframework.security] to INFO
05:44:55,047 |-INFO in ch.qos.logback.classic.model.processor.LoggerModelHandler - Setting level of logger [org.springframework.boot] to INFO
05:44:55,048 |-INFO in ch.qos.logback.classic.model.processor.LoggerModelHandler - Setting level of logger [org.hibernate] to INFO
05:44:55,048 |-INFO in ch.qos.logback.classic.model.processor.LoggerModelHandler - Setting level of logger [org.hibernate.SQL] to DEBUG
05:44:55,048 |-INFO in ch.qos.logback.classic.model.processor.LoggerModelHandler - Setting level of logger [com.NewsMobile] to DEBUG
05:44:55,048 |-INFO in ch.qos.logback.core.model.processor.DefaultProcessor@241e8ea6 - End of configuration.
05:44:55,048 |-INFO in ch.qos.logback.classic.joran.JoranConfigurator@542e560f - Registering current configuration as safe fallback point
05:44:55,060 |-INFO in c.q.l.core.rolling.helper.TimeBasedArchiveRemover - Removed  0 Bytes of files
05:44:55,122 |-WARN in Logger[org.springframework.test.context.support.AnnotationConfigContextLoaderUtils] - No appenders present in context [default] for logger [org.springframework.test.context.support.AnnotationConfigContextLoaderUtils].
05:44:55,519 |-WARN in ch.qos.logback.core.model.processor.AppenderModelHandler - Appender named [Console] not referenced. Skipping further processing.
05:44:55,519 |-INFO in ch.qos.logback.core.model.processor.AppenderModelHandler - Processing appender named [RollingFile]
05:44:55,519 |-INFO in ch.qos.logback.core.model.processor.AppenderModelHandler - About to instantiate appender of type [ch.qos.logback.core.rolling.RollingFileAppender]
05:44:55,519 |-INFO in ch.qos.logback.core.model.processor.ImplicitModelHandler - Assuming default type [ch.qos.logback.classic.encoder.PatternLayoutEncoder] for [encoder] property
05:44:55,520 |-INFO in c.q.l.core.rolling.SizeAndTimeBasedRollingPolicy@193625667 - setting totalSizeCap to 100 MB
05:44:55,520 |-INFO in c.q.l.core.rolling.SizeAndTimeBasedRollingPolicy@193625667 - Archive files will be limited to [10 MB] each.
05:44:55,520 |-INFO in c.q.l.core.rolling.SizeAndTimeBasedRollingPolicy@193625667 - No compression will be used
05:44:55,520 |-INFO in c.q.l.core.rolling.SizeAndTimeBasedRollingPolicy@193625667 - Will use the pattern C:/Newsproject/logs/MobileNews-%d{yyyy-MM-dd}.%i.log for the active file
05:44:55,520 |-INFO in ch.qos.logback.core.rolling.SizeAndTimeBasedFNATP@35835fa - The date pattern is 'yyyy-MM-dd' from file name pattern 'C:/Newsproject/logs/MobileNews-%d{yyyy-MM-dd}.%i.log'.
05:44:55,520 |-INFO in ch.qos.logback.core.rolling.SizeAndTimeBasedFNATP@35835fa - Roll-over at midnight.
05:44:55,521 |-INFO in ch.qos.logback.core.rolling.SizeAndTimeBasedFNATP@35835fa - Setting initial period to 2023-07-26T07:26:50.980Z
05:44:55,521 |-INFO in c.q.l.core.rolling.SizeAndTimeBasedRollingPolicy@193625667 - Cleaning on start up
05:44:55,522 |-INFO in c.q.l.core.rolling.helper.TimeBasedArchiveRemover - first clean up after appender initialization
05:44:55,522 |-INFO in ch.qos.logback.core.rolling.RollingFileAppender[RollingFile] - Active log file name: C:\Newsproject\logs\MobileNews.log
05:44:55,522 |-INFO in ch.qos.logback.core.rolling.RollingFileAppender[RollingFile] - File property is set to [C:\Newsproject\logs\MobileNews.log]
05:44:55,522 |-INFO in ch.qos.logback.classic.model.processor.LoggerModelHandler - Setting level of logger [com.microsoft.sqlserver] to INFO
05:44:55,522 |-INFO in ch.qos.logback.classic.jul.LevelChangePropagator@56f71edb - Propagating INFO level on Logger[com.microsoft.sqlserver] onto the JUL framework
05:44:55,522 |-INFO in c.q.l.core.rolling.helper.TimeBasedArchiveRemover - Multiple periods, i.e. 32 periods, seem to have elapsed. This is expected at application start.
05:44:55,523 |-INFO in ch.qos.logback.classic.model.processor.LoggerModelHandler - Setting level of logger [org.apache.http] to INFO
05:44:55,523 |-INFO in ch.qos.logback.classic.jul.LevelChangePropagator@56f71edb - Propagating INFO level on Logger[org.apache.http] onto the JUL framework
05:44:55,523 |-INFO in ch.qos.logback.classic.model.processor.LoggerModelHandler - Setting level of logger [org.apache.hc] to INFO
05:44:55,523 |-INFO in ch.qos.logback.classic.jul.LevelChangePropagator@56f71edb - Propagating INFO level on Logger[org.apache.hc] onto the JUL framework
05:44:55,523 |-INFO in ch.qos.logback.classic.model.processor.LoggerModelHandler - Setting level of logger [org.apache.tiles] to INFO
05:44:55,523 |-INFO in ch.qos.logback.classic.jul.LevelChangePropagator@56f71edb - Propagating INFO level on Logger[org.apache.tiles] onto the JUL framework
05:44:55,523 |-INFO in ch.qos.logback.classic.model.processor.LoggerModelHandler - Setting level of logger [org.apache.commons] to INFO
05:44:55,523 |-INFO in ch.qos.logback.classic.jul.LevelChangePropagator@56f71edb - Propagating INFO level on Logger[org.apache.commons] onto the JUL framework
05:44:55,523 |-INFO in ch.qos.logback.classic.model.processor.LoggerModelHandler - Setting level of logger [org.springframework] to INFO
05:44:55,523 |-INFO in ch.qos.logback.classic.jul.LevelChangePropagator@56f71edb - Propagating INFO level on Logger[org.springframework] onto the JUL framework
05:44:55,523 |-INFO in ch.qos.logback.classic.model.processor.LoggerModelHandler - Setting level of logger [org.springframework.web] to INFO
05:44:55,523 |-INFO in ch.qos.logback.classic.jul.LevelChangePropagator@56f71edb - Propagating INFO level on Logger[org.springframework.web] onto the JUL framework
05:44:55,523 |-INFO in ch.qos.logback.classic.model.processor.LoggerModelHandler - Setting level of logger [org.springframework.security] to INFO
05:44:55,523 |-INFO in ch.qos.logback.classic.jul.LevelChangePropagator@56f71edb - Propagating INFO level on Logger[org.springframework.security] onto the JUL framework
05:44:55,523 |-INFO in ch.qos.logback.classic.model.processor.LoggerModelHandler - Setting level of logger [org.springframework.boot] to INFO
05:44:55,523 |-INFO in ch.qos.logback.classic.jul.LevelChangePropagator@56f71edb - Propagating INFO level on Logger[org.springframework.boot] onto the JUL framework
05:44:55,523 |-INFO in ch.qos.logback.classic.model.processor.LoggerModelHandler - Setting level of logger [org.hibernate] to INFO
05:44:55,523 |-INFO in ch.qos.logback.classic.jul.LevelChangePropagator@56f71edb - Propagating INFO level on Logger[org.hibernate] onto the JUL framework
05:44:55,523 |-INFO in ch.qos.logback.classic.model.processor.LoggerModelHandler - Setting level of logger [org.hibernate.SQL] to DEBUG
05:44:55,523 |-INFO in ch.qos.logback.classic.jul.LevelChangePropagator@56f71edb - Propagating DEBUG level on Logger[org.hibernate.SQL] onto the JUL framework
05:44:55,523 |-INFO in ch.qos.logback.classic.model.processor.LoggerModelHandler - Setting level of logger [com.NewsMobile] to DEBUG
05:44:55,523 |-INFO in ch.qos.logback.classic.jul.LevelChangePropagator@56f71edb - Propagating DEBUG level on Logger[com.NewsMobile] onto the JUL framework
05:44:55,523 |-INFO in ch.qos.logback.core.model.processor.DefaultProcessor@7207cb51 - End of configuration.
05:44:55,523 |-INFO in org.springframework.boot.logging.logback.SpringBootJoranConfigurator@2a27cb34 - Registering current configuration as safe fallback point


  .   ____          _            __ _ _
 /\\ / ___'_ __ _ _(_)_ __  __ _ \ \ \ \
( ( )\___ | '_ | '_| | '_ \/ _` | \ \ \ \
 \\/  ___)| |_)| | | | | || (_| |  ) ) ) )
  '  |____| .__|_| |_|_| |_\__, | / / / /
 =========|_|==============|___/=/_/_/_/
 :: Spring Boot ::                (v3.1.1)

]]></system-out>
    <system-err><![CDATA[


============================
CONDITIONS EVALUATION REPORT
============================


Positive matches:
-----------------

    None


Negative matches:
-----------------

    None


Exclusions:
-----------

    None


Unconditional classes:
----------------------

    None



]]></system-err>
  </testcase>
</testsuite>